# Logfile created on 2014-03-23 20:54:15 +0000 by logger.rb/44203
I, [2014-03-23T20:54:15.918076 #91070]  INFO -- : 0:  blankslate (2.1.2.4) from /Users/janriethmayer/.rvm/gems/ruby-2.1.0@riethmayer.de/specifications/blankslate-2.1.2.4.gemspec
I, [2014-03-23T20:54:15.918350 #91070]  INFO -- : 0:  fast-stemmer (1.0.2) from /Users/janriethmayer/.rvm/gems/ruby-2.1.0@riethmayer.de/specifications/fast-stemmer-1.0.2.gemspec
I, [2014-03-23T20:54:15.918556 #91070]  INFO -- : 0:  classifier (1.3.4) from /Users/janriethmayer/.rvm/gems/ruby-2.1.0@riethmayer.de/specifications/classifier-1.3.4.gemspec
I, [2014-03-23T20:54:15.918748 #91070]  INFO -- : 0:  colorator (0.1) from /Users/janriethmayer/.rvm/gems/ruby-2.1.0@riethmayer.de/specifications/colorator-0.1.gemspec
I, [2014-03-23T20:54:15.918940 #91070]  INFO -- : 0:  highline (1.6.21) from /Users/janriethmayer/.rvm/gems/ruby-2.1.0@riethmayer.de/specifications/highline-1.6.21.gemspec
I, [2014-03-23T20:54:15.919125 #91070]  INFO -- : 0:  commander (4.1.6) from /Users/janriethmayer/.rvm/gems/ruby-2.1.0@riethmayer.de/specifications/commander-4.1.6.gemspec
I, [2014-03-23T20:54:15.919312 #91070]  INFO -- : 0:  ffi (1.9.3) from /Users/janriethmayer/.rvm/gems/ruby-2.1.0@riethmayer.de/specifications/ffi-1.9.3.gemspec
I, [2014-03-23T20:54:15.919510 #91070]  INFO -- : 0:  liquid (2.5.5) from /Users/janriethmayer/.rvm/gems/ruby-2.1.0@riethmayer.de/specifications/liquid-2.5.5.gemspec
I, [2014-03-23T20:54:15.919697 #91070]  INFO -- : 0:  rb-fsevent (0.9.4) from /Users/janriethmayer/.rvm/gems/ruby-2.1.0@riethmayer.de/specifications/rb-fsevent-0.9.4.gemspec
I, [2014-03-23T20:54:15.919910 #91070]  INFO -- : 0:  rb-inotify (0.9.3) from /Users/janriethmayer/.rvm/gems/ruby-2.1.0@riethmayer.de/specifications/rb-inotify-0.9.3.gemspec
I, [2014-03-23T20:54:15.920095 #91070]  INFO -- : 0:  rb-kqueue (0.2.2) from /Users/janriethmayer/.rvm/gems/ruby-2.1.0@riethmayer.de/specifications/rb-kqueue-0.2.2.gemspec
I, [2014-03-23T20:54:15.920278 #91070]  INFO -- : 0:  listen (1.3.1) from /Users/janriethmayer/.rvm/gems/ruby-2.1.0@riethmayer.de/specifications/listen-1.3.1.gemspec
I, [2014-03-23T20:54:15.920460 #91070]  INFO -- : 0:  maruku (0.7.1) from /Users/janriethmayer/.rvm/gems/ruby-2.1.0@riethmayer.de/specifications/maruku-0.7.1.gemspec
I, [2014-03-23T20:54:15.920648 #91070]  INFO -- : 0:  posix-spawn (0.3.8) from /Users/janriethmayer/.rvm/gems/ruby-2.1.0@riethmayer.de/specifications/posix-spawn-0.3.8.gemspec
I, [2014-03-23T20:54:15.920830 #91070]  INFO -- : 0:  yajl-ruby (1.1.0) from /Users/janriethmayer/.rvm/gems/ruby-2.1.0@riethmayer.de/specifications/yajl-ruby-1.1.0.gemspec
I, [2014-03-23T20:54:15.921016 #91070]  INFO -- : 0:  pygments.rb (0.5.4) from /Users/janriethmayer/.rvm/gems/ruby-2.1.0@riethmayer.de/specifications/pygments.rb-0.5.4.gemspec
I, [2014-03-23T20:54:15.921199 #91070]  INFO -- : 0:  redcarpet (2.3.0) from /Users/janriethmayer/.rvm/gems/ruby-2.1.0@riethmayer.de/specifications/redcarpet-2.3.0.gemspec
I, [2014-03-23T20:54:15.921383 #91070]  INFO -- : 0:  safe_yaml (0.9.7) from /Users/janriethmayer/.rvm/gems/ruby-2.1.0@riethmayer.de/specifications/safe_yaml-0.9.7.gemspec
I, [2014-03-23T20:54:15.921575 #91070]  INFO -- : 0:  parslet (1.5.0) from /Users/janriethmayer/.rvm/gems/ruby-2.1.0@riethmayer.de/specifications/parslet-1.5.0.gemspec
I, [2014-03-23T20:54:15.921757 #91070]  INFO -- : 0:  toml (0.1.1) from /Users/janriethmayer/.rvm/gems/ruby-2.1.0@riethmayer.de/specifications/toml-0.1.1.gemspec
I, [2014-03-23T20:54:15.921947 #91070]  INFO -- : 0:  jekyll (1.4.3) from /Users/janriethmayer/.rvm/gems/ruby-2.1.0@riethmayer.de/specifications/jekyll-1.4.3.gemspec
I, [2014-03-23T20:54:15.922123 #91070]  INFO -- : 0:  bundler (1.5.1) from /Users/janriethmayer/.rvm/gems/ruby-2.1.0@global/specifications/bundler-1.5.1.gemspec
I, [2014-03-23T20:54:45.399496 #91748]  INFO -- : 0:  blankslate (2.1.2.4) from /Users/janriethmayer/.rvm/gems/ruby-2.1.0@riethmayer.de/specifications/blankslate-2.1.2.4.gemspec
I, [2014-03-23T20:54:45.399813 #91748]  INFO -- : 0:  fast-stemmer (1.0.2) from /Users/janriethmayer/.rvm/gems/ruby-2.1.0@riethmayer.de/specifications/fast-stemmer-1.0.2.gemspec
I, [2014-03-23T20:54:45.400045 #91748]  INFO -- : 0:  classifier (1.3.4) from /Users/janriethmayer/.rvm/gems/ruby-2.1.0@riethmayer.de/specifications/classifier-1.3.4.gemspec
I, [2014-03-23T20:54:45.400362 #91748]  INFO -- : 0:  colorator (0.1) from /Users/janriethmayer/.rvm/gems/ruby-2.1.0@riethmayer.de/specifications/colorator-0.1.gemspec
I, [2014-03-23T20:54:45.400581 #91748]  INFO -- : 0:  highline (1.6.21) from /Users/janriethmayer/.rvm/gems/ruby-2.1.0@riethmayer.de/specifications/highline-1.6.21.gemspec
I, [2014-03-23T20:54:45.400788 #91748]  INFO -- : 0:  commander (4.1.6) from /Users/janriethmayer/.rvm/gems/ruby-2.1.0@riethmayer.de/specifications/commander-4.1.6.gemspec
I, [2014-03-23T20:54:45.400998 #91748]  INFO -- : 0:  ffi (1.9.3) from /Users/janriethmayer/.rvm/gems/ruby-2.1.0@riethmayer.de/specifications/ffi-1.9.3.gemspec
I, [2014-03-23T20:54:45.401197 #91748]  INFO -- : 0:  liquid (2.5.5) from /Users/janriethmayer/.rvm/gems/ruby-2.1.0@riethmayer.de/specifications/liquid-2.5.5.gemspec
I, [2014-03-23T20:54:45.401424 #91748]  INFO -- : 0:  rb-fsevent (0.9.4) from /Users/janriethmayer/.rvm/gems/ruby-2.1.0@riethmayer.de/specifications/rb-fsevent-0.9.4.gemspec
I, [2014-03-23T20:54:45.401645 #91748]  INFO -- : 0:  rb-inotify (0.9.3) from /Users/janriethmayer/.rvm/gems/ruby-2.1.0@riethmayer.de/specifications/rb-inotify-0.9.3.gemspec
I, [2014-03-23T20:54:45.401849 #91748]  INFO -- : 0:  rb-kqueue (0.2.2) from /Users/janriethmayer/.rvm/gems/ruby-2.1.0@riethmayer.de/specifications/rb-kqueue-0.2.2.gemspec
I, [2014-03-23T20:54:45.402062 #91748]  INFO -- : 0:  listen (1.3.1) from /Users/janriethmayer/.rvm/gems/ruby-2.1.0@riethmayer.de/specifications/listen-1.3.1.gemspec
I, [2014-03-23T20:54:45.402304 #91748]  INFO -- : 0:  maruku (0.7.1) from /Users/janriethmayer/.rvm/gems/ruby-2.1.0@riethmayer.de/specifications/maruku-0.7.1.gemspec
I, [2014-03-23T20:54:45.402496 #91748]  INFO -- : 0:  posix-spawn (0.3.8) from /Users/janriethmayer/.rvm/gems/ruby-2.1.0@riethmayer.de/specifications/posix-spawn-0.3.8.gemspec
I, [2014-03-23T20:54:45.402684 #91748]  INFO -- : 0:  yajl-ruby (1.1.0) from /Users/janriethmayer/.rvm/gems/ruby-2.1.0@riethmayer.de/specifications/yajl-ruby-1.1.0.gemspec
I, [2014-03-23T20:54:45.402842 #91748]  INFO -- : 0:  pygments.rb (0.5.4) from /Users/janriethmayer/.rvm/gems/ruby-2.1.0@riethmayer.de/specifications/pygments.rb-0.5.4.gemspec
I, [2014-03-23T20:54:45.403032 #91748]  INFO -- : 0:  redcarpet (2.3.0) from /Users/janriethmayer/.rvm/gems/ruby-2.1.0@riethmayer.de/specifications/redcarpet-2.3.0.gemspec
I, [2014-03-23T20:54:45.403219 #91748]  INFO -- : 0:  safe_yaml (0.9.7) from /Users/janriethmayer/.rvm/gems/ruby-2.1.0@riethmayer.de/specifications/safe_yaml-0.9.7.gemspec
I, [2014-03-23T20:54:45.403404 #91748]  INFO -- : 0:  parslet (1.5.0) from /Users/janriethmayer/.rvm/gems/ruby-2.1.0@riethmayer.de/specifications/parslet-1.5.0.gemspec
I, [2014-03-23T20:54:45.403594 #91748]  INFO -- : 0:  toml (0.1.1) from /Users/janriethmayer/.rvm/gems/ruby-2.1.0@riethmayer.de/specifications/toml-0.1.1.gemspec
I, [2014-03-23T20:54:45.403787 #91748]  INFO -- : 0:  jekyll (1.4.3) from /Users/janriethmayer/.rvm/gems/ruby-2.1.0@riethmayer.de/specifications/jekyll-1.4.3.gemspec
I, [2014-03-23T20:54:45.403972 #91748]  INFO -- : 0:  bundler (1.5.1) from /Users/janriethmayer/.rvm/gems/ruby-2.1.0@global/specifications/bundler-1.5.1.gemspec
